2020-02-07 19:52:10,378 INFO [Test worker] c.t.t.t.TestBase [TestBase.java:22] Start test testLogin with parameters[]
2020-02-07 19:53:40,686 INFO [Test worker] c.t.t.u.Listener [Listener.java:15] testLogin PASSED
2020-02-07 19:53:40,688 INFO [Test worker] c.t.t.t.TestBase [TestBase.java:27] Stop test public void com.telran.trello.tests.LoginTestHW.testLogin() throws java.lang.InterruptedException
2020-02-07 19:53:40,690 INFO [Test worker] c.t.t.t.TestBase [TestBase.java:22] Start test testLoginAgain with parameters[]
2020-02-07 19:54:40,276 ERROR [Test worker] c.t.t.u.Listener [Listener.java:20] testLoginAgain
 FAILED
org.openqa.selenium.NoSuchElementException: no such element: Unable to locate element: {"method":"css selector","selector":"#username"}
  (Session info: chrome=79.0.3945.130)
For documentation on this error, please visit: https://www.seleniumhq.org/exceptions/no_such_element.html
Build info: version: '3.141.59', revision: 'e82be7d358', time: '2018-11-14T08:17:03'
System info: host: 'DESKTOP-U7V5MJ9', ip: '192.168.1.2', os.name: 'Windows 10', os.arch: 'amd64', os.version: '10.0', java.version: '1.8.0_231'
Driver info: org.openqa.selenium.chrome.ChromeDriver
Capabilities {acceptInsecureCerts: false, browserName: chrome, browserVersion: 79.0.3945.130, chrome: {chromedriverVersion: 79.0.3945.36 (3582db32b3389..., userDataDir: C:\Users\romic\AppData\Loca...}, goog:chromeOptions: {debuggerAddress: localhost:52982}, javascriptEnabled: true, networkConnectionEnabled: false, pageLoadStrategy: normal, platform: WINDOWS, platformName: WINDOWS, proxy: Proxy(), setWindowRect: true, strictFileInteractability: false, timeouts: {implicit: 0, pageLoad: 300000, script: 30000}, unhandledPromptBehavior: dismiss and notify}
Session ID: 7c984199737498dfccc32239afb466e0
*** Element info: {Using=id, value=username}
2020-02-07 19:54:41,168 INFO [Test worker] c.t.t.f.ApplicationManager [ApplicationManager.java:63] 
Created screenshot: C:\Users\romic\Documents\GitHub\Trello_qa22-roman\src\test\screenshots\screen-1581098081158.png
2020-02-07 19:54:41,171 INFO [Test worker] c.t.t.t.TestBase [TestBase.java:27] Stop test public void com.telran.trello.tests.LoginTestHW.testLoginAgain() throws java.lang.InterruptedException
2020-02-07 19:54:41,174 INFO [Test worker] c.t.t.t.TestBase [TestBase.java:22] Start test testBoardCreationFromHeader with parameters[]
2020-02-07 19:55:11,264 INFO [Test worker] c.t.t.t.TestBase [TestBase.java:22] Start test testBoardDeletionFromHeader with parameters[]
